c:\users\llr user\desktop\2025_group_5\build\desktop_qt_6_10_2_msvc2022_64bit\worksheet6.dir\debug\vc145.pdb
c:\users\llr user\desktop\2025_group_5\build\desktop_qt_6_10_2_msvc2022_64bit\worksheet6.dir\debug\optiondialog.obj
c:\users\llr user\desktop\2025_group_5\build\desktop_qt_6_10_2_msvc2022_64bit\worksheet6.dir\debug\vrrenderthread.obj
c:\users\llr user\desktop\2025_group_5\build\desktop_qt_6_10_2_msvc2022_64bit\worksheet6.dir\debug\modelpartlist.obj
c:\users\llr user\desktop\2025_group_5\build\desktop_qt_6_10_2_msvc2022_64bit\worksheet6.dir\debug\modelpart.obj
c:\users\llr user\desktop\2025_group_5\build\desktop_qt_6_10_2_msvc2022_64bit\worksheet6.dir\debug\mainwindow.obj
c:\users\llr user\desktop\2025_group_5\build\desktop_qt_6_10_2_msvc2022_64bit\worksheet6.dir\debug\main.obj
c:\users\llr user\desktop\2025_group_5\build\desktop_qt_6_10_2_msvc2022_64bit\worksheet6.dir\debug\mocs_compilation_debug.obj
c:\users\llr user\desktop\2025_group_5\build\desktop_qt_6_10_2_msvc2022_64bit\worksheet6.dir\debug\worksheet6_autogen\ewiega46ww_debug\qrc_icons.cpp.obj
c:\users\llr user\desktop\2025_group_5\build\desktop_qt_6_10_2_msvc2022_64bit\worksheet6_autogen\autouic_debug.stamp
c:\users\llr user\desktop\2025_group_5\build\desktop_qt_6_10_2_msvc2022_64bit\worksheet6_autogen\ewiega46ww_debug\qrc_icons.cpp
c:\users\llr user\desktop\2025_group_5\build\desktop_qt_6_10_2_msvc2022_64bit\cmakefiles\generate.stamp
c:\users\llr user\desktop\2025_group_5\build\desktop_qt_6_10_2_msvc2022_64bit\debug\worksheet6.exe
c:\users\llr user\desktop\2025_group_5\build\desktop_qt_6_10_2_msvc2022_64bit\debug\worksheet6.pdb
c:\users\llr user\desktop\2025_group_5\build\desktop_qt_6_10_2_msvc2022_64bit\worksheet6.dir\debug\worksheet6.ilk
c:\users\llr user\desktop\2025_group_5\build\desktop_qt_6_10_2_msvc2022_64bit\worksheet6.dir\debug\worksheet6.tlog\cl.command.1.tlog
c:\users\llr user\desktop\2025_group_5\build\desktop_qt_6_10_2_msvc2022_64bit\worksheet6.dir\debug\worksheet6.tlog\cl.items.tlog
c:\users\llr user\desktop\2025_group_5\build\desktop_qt_6_10_2_msvc2022_64bit\worksheet6.dir\debug\worksheet6.tlog\cl.read.1.tlog
c:\users\llr user\desktop\2025_group_5\build\desktop_qt_6_10_2_msvc2022_64bit\worksheet6.dir\debug\worksheet6.tlog\cl.write.1.tlog
c:\users\llr user\desktop\2025_group_5\build\desktop_qt_6_10_2_msvc2022_64bit\worksheet6.dir\debug\worksheet6.tlog\custombuild.command.1.tlog
c:\users\llr user\desktop\2025_group_5\build\desktop_qt_6_10_2_msvc2022_64bit\worksheet6.dir\debug\worksheet6.tlog\custombuild.read.1.tlog
c:\users\llr user\desktop\2025_group_5\build\desktop_qt_6_10_2_msvc2022_64bit\worksheet6.dir\debug\worksheet6.tlog\custombuild.write.1.tlog
c:\users\llr user\desktop\2025_group_5\build\desktop_qt_6_10_2_msvc2022_64bit\worksheet6.dir\debug\worksheet6.tlog\link.command.1.tlog
c:\users\llr user\desktop\2025_group_5\build\desktop_qt_6_10_2_msvc2022_64bit\worksheet6.dir\debug\worksheet6.tlog\link.read.1.tlog
c:\users\llr user\desktop\2025_group_5\build\desktop_qt_6_10_2_msvc2022_64bit\worksheet6.dir\debug\worksheet6.tlog\link.secondary.1.tlog
c:\users\llr user\desktop\2025_group_5\build\desktop_qt_6_10_2_msvc2022_64bit\worksheet6.dir\debug\worksheet6.tlog\link.write.1.tlog
